[2024-12-19 14:26:42] [INFO    ] discord.client: logging in using static token
[2024-12-19 14:26:43] [INFO    ] discord.gateway: Shard ID None has connected to Gateway (Session ID: 6f53341544d055fd2e5634e737d43ece).
[2024-12-19 14:26:47] [INFO    ] discord: Message from keepas: Woah oh oh oh
[2024-12-19 14:48:55] [INFO    ] discord.client: logging in using static token
[2024-12-19 14:48:56] [INFO    ] discord.gateway: Shard ID None has connected to Gateway (Session ID: 9397d76b9d137fadb8959ee3e007a249).
[2024-12-19 14:49:22] [INFO    ] discord: Message from keepas: hi
[2024-12-19 14:50:14] [INFO    ] discord.client: logging in using static token
[2024-12-19 14:50:15] [INFO    ] discord.gateway: Shard ID None has connected to Gateway (Session ID: ce505e208a349a0ca3080032fbaf70ef).
[2024-12-19 14:50:21] [INFO    ] discord: Message from keepas: Walking down
[2024-12-19 15:02:42] [INFO    ] discord.client: logging in using static token
[2024-12-19 15:03:51] [INFO    ] discord.client: logging in using static token
[2024-12-19 15:03:52] [INFO    ] discord.gateway: Shard ID None has connected to Gateway (Session ID: 08dffdcd89363fd0b8ced793071f8bdb).
[2024-12-19 15:04:45] [INFO    ] discord: Message from keepas: Wow thats wild
[2024-12-19 20:46:35] [INFO    ] discord.client: logging in using static token
[2024-12-19 20:46:36] [INFO    ] discord.gateway: Shard ID None has connected to Gateway (Session ID: acd16e6c80e49a962dadef5816b82c17).
[2024-12-19 20:46:59] [INFO    ] discord: Message from keepas: !stats
[2024-12-19 20:47:02] [INFO    ] discord: Message from keepas: /stats
[2024-12-19 20:47:05] [INFO    ] discord: Message from keepas: stats
[2024-12-19 20:47:32] [INFO    ] discord.client: logging in using static token
[2024-12-19 20:47:33] [INFO    ] discord.gateway: Shard ID None has connected to Gateway (Session ID: 7d4583651c7357f5ebb6e13f46cbcbca).
[2024-12-19 20:47:36] [INFO    ] discord: Message from keepas: !stats
[2024-12-19 20:47:36] [INFO    ] discord: Message from Clash#2333: Here are your bot stats!
[2024-12-19 20:53:48] [INFO    ] discord.client: logging in using static token
[2024-12-19 20:53:48] [INFO    ] discord.gateway: Shard ID None has connected to Gateway (Session ID: 56e721cf313760183fbfa2a66fa1e58d).
[2024-12-19 20:53:57] [INFO    ] discord: Message from keepas: /stats
[2024-12-19 20:54:00] [INFO    ] discord: Message from keepas: !stats
[2024-12-19 20:55:41] [INFO    ] discord.client: logging in using static token
[2024-12-19 20:55:42] [INFO    ] discord.gateway: Shard ID None has connected to Gateway (Session ID: b88c8a06b8c4b864338c870df6293506).
[2024-12-19 20:55:49] [INFO    ] discord: Message from keepas: !stats
[2024-12-19 20:55:49] [INFO    ] discord: Message from Clash#2333: **Bot Statistics**
Servers: 1
Users: 1
[2024-12-19 21:02:58] [INFO    ] discord.client: logging in using static token
[2024-12-19 21:02:59] [INFO    ] discord.gateway: Shard ID None has connected to Gateway (Session ID: 18816dd7ec4a54e6d1f5e52e06c766e4).
[2024-12-19 21:03:07] [INFO    ] discord: Message from keepas: !stats
[2024-12-19 21:03:07] [INFO    ] discord: Message from Clash#2333: **Bot Statistics**
Servers: 1
Users: 1
[2024-12-19 21:12:35] [INFO    ] discord.client: logging in using static token
[2024-12-19 21:12:36] [INFO    ] discord.gateway: Shard ID None has connected to Gateway (Session ID: 8385179a45d96914b7e2189afe6a44cc).
[2024-12-19 21:12:41] [INFO    ] discord: Message from keepas: !stats
[2024-12-19 21:12:41] [INFO    ] discord: Message from Clash#2333: **Bot Statistics**
Servers: 1
Users: 1
[2024-12-19 21:24:09] [INFO    ] discord.gateway: Shard ID None has successfully RESUMED session 8385179a45d96914b7e2189afe6a44cc.
[2024-12-19 21:30:35] [INFO    ] discord.client: logging in using static token
[2024-12-19 21:30:36] [INFO    ] discord.gateway: Shard ID None has connected to Gateway (Session ID: bb1636359302ef4b7849d490344250f2).
[2024-12-19 21:31:28] [INFO    ] discord: Message from keepas: !leaks ClashOfClansLeaks
[2024-12-19 21:31:29] [INFO    ] discord: Message from Clash#2333: **Top 3 Posts:**
[Unknown] TH17 Clearer Image
https://i.redd.it/lu4y5xi1lw1e1.jpeg
[2024-12-19 21:31:29] [INFO    ] discord: Message from Clash#2333: **Top 3 Posts:**
[Unknown] TH17 Clearer Image
https://i.redd.it/lu4y5xi1lw1e1.jpeg

[Unknown Leaker] TH17 
https://i.redd.it/uabz319l5j1e1.jpeg
[2024-12-19 21:31:29] [INFO    ] discord: Message from Clash#2333: **Top 3 Posts:**
[Unknown] TH17 Clearer Image
https://i.redd.it/lu4y5xi1lw1e1.jpeg

[Unknown Leaker] TH17 
https://i.redd.it/uabz319l5j1e1.jpeg

[unknown] New event shop (old equipment)
https://i.redd.it/db6il3n0pz5e1.png
[2024-12-19 21:43:38] [INFO    ] discord.client: logging in using static token
[2024-12-19 21:43:38] [INFO    ] discord.gateway: Shard ID None has connected to Gateway (Session ID: 9f33319425a3ddf0b1ebd7284e5651b5).
[2024-12-19 21:44:08] [INFO    ] discord: Message from keepas: !leaks ClashOfClansLeaks
[2024-12-19 21:44:09] [INFO    ] discord: Message from Clash#2333: **Top 3 Hot Posts in r/ClashOfClansLeaks:**
Big Updates for our Reddit Community!
https://www.reddit.com/r/ClashOfClansLeaks/comments/1auib67/big_updates_for_our_reddit_community/

[sweetleaks] lunar new year 2025 decorations video
https://v.redd.it/0rj513oyqs7e1

[Thawne gaming] Lunar new year decorations
https://i.redd.it/zxcbqyu36s7e1.jpeg
[2024-12-19 21:50:58] [INFO    ] discord.client: logging in using static token
[2024-12-19 21:50:59] [INFO    ] discord.gateway: Shard ID None has connected to Gateway (Session ID: b641dc351dbb38bbafd993672f09e7c7).
[2024-12-19 21:51:21] [INFO    ] discord: Message from keepas: !leaks IHateManny
[2024-12-19 21:51:21] [INFO    ] discord: Message from Clash#2333: **Top 3 Hot Posts in r/IHateManny:**
[2024-12-19 21:51:41] [INFO    ] discord: Message from keepas: !leaks IHATEMANNY
[2024-12-19 21:51:41] [INFO    ] discord: Message from Clash#2333: **Top 3 Hot Posts in r/IHATEMANNY:**
[2024-12-19 21:52:05] [INFO    ] discord: Message from keepas: !leaks pokemongo
[2024-12-19 21:52:06] [INFO    ] discord: Message from Clash#2333: **Top 3 Hot Posts in r/pokemongo:**
[2024-12-19 21:52:23] [INFO    ] discord: Message from keepas: !leaks pokemongo 3
[2024-12-19 21:52:25] [INFO    ] discord: Message from Clash#2333: **Top 3 3 Posts in r/pokemongo:**
[2024-12-19 21:54:13] [INFO    ] discord.client: logging in using static token
[2024-12-19 21:54:14] [INFO    ] discord.gateway: Shard ID None has connected to Gateway (Session ID: 16048ab3865e7db357983306cc854111).
[2024-12-19 21:54:18] [INFO    ] discord: Message from keepas: !leaks pokemongo
[2024-12-19 21:54:20] [INFO    ] discord: Message from Clash#2333: **Top 3 Hot Posts in r/pokemongo:**
[2024-12-19 21:54:32] [INFO    ] discord: Message from keepas: leaks ClashOfClansLeaks
[2024-12-19 21:54:41] [INFO    ] discord: Message from keepas: !leaks ClashOfClansLeaks
[2024-12-19 21:54:43] [INFO    ] discord: Message from Clash#2333: **Top 3 Hot Posts in r/ClashOfClansLeaks:**
[2024-12-19 21:55:45] [INFO    ] discord.client: logging in using static token
[2024-12-19 21:55:45] [INFO    ] discord.gateway: Shard ID None has connected to Gateway (Session ID: 85c40f02b49a144390bf9fd81ca4dd8c).
[2024-12-19 21:57:28] [INFO    ] discord: Message from keepas: !leaks IHATEMANNY
[2024-12-19 21:57:28] [INFO    ] discord: Message from Clash#2333: **Top 3 Hot Posts in r/IHATEMANNY:**
sussy
https://www.reddit.com/r/IHATEMANNY/comments/mvjztx/sussy/

HERES THE NEW LOUNGE
https://www.reddit.com/r/IHATEMANNY/comments/mu0ffy/heres_the_new_lounge/

i hate manny
https://www.reddit.com/r/IHATEMANNY/comments/mqv4bm/i_hate_manny/
[2024-12-19 21:57:57] [INFO    ] discord: Message from keepas: !leaks pokemongo 5
[2024-12-19 21:57:59] [INFO    ] discord: Message from Clash#2333: **Top 3 5 Posts in r/pokemongo:**
I think I might cry!
https://www.reddit.com/gallery/1hhsxdb

I finally beat Pokemon GO, and it has the special fusion background 
https://i.redd.it/oua1xkg2mt7e1.jpeg

If Niantic developed the Game Boy era Pokemon Games:
https://i.redd.it/hskzk30xss7e1.jpeg
[2024-12-19 21:59:48] [INFO    ] discord.client: logging in using static token
[2024-12-19 21:59:48] [INFO    ] discord.gateway: Shard ID None has connected to Gateway (Session ID: f80638d3b537115938c5154835c908c7).
[2024-12-19 22:00:24] [INFO    ] discord: Message from keepas: !leaks ClashOfClansLeaks 5
[2024-12-19 22:00:26] [INFO    ] discord: Message from Clash#2333: **Top 3 5 Posts in r/ClashOfClansLeaks:**
[sweetleaks] lunar new year 2025 decorations video
https://v.redd.it/0rj513oyqs7e1

[Thawne gaming] Lunar new year decorations
https://i.redd.it/zxcbqyu36s7e1.jpeg

[sour chaper] Battle copter skin in game
https://v.redd.it/78vvky6l317e1
[2024-12-19 22:04:45] [INFO    ] discord.client: logging in using static token
[2024-12-19 22:04:46] [INFO    ] discord.gateway: Shard ID None has connected to Gateway (Session ID: fa21f1731e02c336642f4db5df693ee5).
[2024-12-19 22:05:08] [INFO    ] discord: Message from keepas: !leaks ClashOfClansLeaks
[2024-12-19 22:05:09] [INFO    ] discord: Message from Clash#2333: **Top 3 Hot Posts in r/ClashOfClansLeaks:**
[sweetleaks] lunar new year 2025 decorations video
https://v.redd.it/0rj513oyqs7e1

[Thawne gaming] Lunar new year decorations
https://i.redd.it/zxcbqyu36s7e1.jpeg

[sour chaper] Battle copter skin in game
https://v.redd.it/78vvky6l317e1
[2024-12-19 22:07:45] [INFO    ] discord.client: logging in using static token
[2024-12-19 22:07:45] [INFO    ] discord.gateway: Shard ID None has connected to Gateway (Session ID: e779d82ea5319f7bbff8697326dc9007).
[2024-12-19 22:08:10] [INFO    ] discord: Message from keepas: !leaks chess 5
[2024-12-19 22:08:11] [INFO    ] discord: Message from Clash#2333: **Top 3 5 Posts in r/chess:**
Alireza wins one free tweet coupon from chess.com official account , Levon " You can sell it to Kramnik "
https://v.redd.it/nees5pvisu7e1

FIDE World Blitz Champions from the past 10 years 
https://i.redd.it/w9gd56wbot7e1.jpeg

Faces of Berlin Street Chess
https://www.reddit.com/gallery/1hhove8
[2024-12-19 22:11:03] [INFO    ] discord.client: logging in using static token
[2024-12-19 22:11:04] [INFO    ] discord.gateway: Shard ID None has connected to Gateway (Session ID: cb13da46bdfe7a5a8ff3f25988f6b779).
[2024-12-19 22:11:28] [INFO    ] discord: Message from keepas: !leaks ClashRoyale 5
[2024-12-19 22:11:28] [INFO    ] discord: Message from Clash#2333: **Top 3 5 Posts in r/ClashRoyale:**
RARE footage of a Balloon having a single braincell
https://v.redd.it/lcvf1ztjju7e1

https://external-preview.redd.it/aDYwdXoxdWpqdTdlMRlfr_Dtq5D8lZaE7_gjp3R2S8uAEEgilOaeNtun3nPq.png?width=140&height=140&crop=140:140,smart&format=jpg&v=enabled&lthumb=true&s=d8ca2a7a0bc89e0cdfc421e46697f598f2dfa29f

How would you feel if Barb barrel could one shot princess/dart gob/fc?
https://i.redd.it/2ey0a3eqkv7e1.jpeg

https://b.thumbs.redditmedia.com/UNkwTZQmcu_TMAaO4BpI5wgY8nhXsvM-5pLC8oFWr1Q.jpg

Thank you Supercell!
https://i.redd.it/40s2irdc5t7e1.jpeg

https://b.thumbs.redditmedia.com/S3wybjYQkof2sMisGldI1_MS83aQbr3mAvpIgZi1_tU.jpg
[2024-12-19 22:12:43] [INFO    ] discord: Message from keepas: !leaks ClashOfClansLeaks top 5
[2024-12-19 22:12:43] [INFO    ] discord: Message from Clash#2333: **Top 5 Top Posts in r/ClashOfClansLeaks:**
[Unknown] TH17 Clearer Image
https://i.redd.it/lu4y5xi1lw1e1.jpeg

https://b.thumbs.redditmedia.com/lrM3U61IJgTGgbdMX9zgc2l6f1YirE8rUHQEG7Nj00c.jpg

[Unknown Leaker] TH17 
https://i.redd.it/uabz319l5j1e1.jpeg

https://b.thumbs.redditmedia.com/hHGz7u4wJBtRE1TPQa45oCUFFHKXy2cSfG6xod24o-Y.jpg

[unknown] New event shop (old equipment)
https://i.redd.it/db6il3n0pz5e1.png

https://a.thumbs.redditmedia.com/713Lb0kJ5CGlbuhjjxJbAKimcqlFJ0fByttwbtAC4L8.jpg

[ Unknown Leaker ] New hero on attack bar
https://i.redd.it/qyjg4g6vxn2e1.png

https://b.thumbs.redditmedia.com/lLSipO7O1RJbE5DKTu3T2U2kNntwOsTLF43rbrBrefk.jpg

[Unknown Leaker] New levels and Hero Altars Design 
https://i.redd.it/m5yk3ck0792e1.jpeg

https://b.thumbs.redditmedia.com/YVdZYRXVdNVq0jSrZuhFENkDrgjpcc4GnDKhxrl5bJY.jpg
[2024-12-19 22:15:38] [INFO    ] discord.client: logging in using static token
[2024-12-19 22:15:39] [INFO    ] discord.gateway: Shard ID None has connected to Gateway (Session ID: d7716aec87e5efd5cd81573314795244).
[2024-12-19 22:15:53] [INFO    ] discord: Message from keepas: !leaks ClashOfClansLeaks hot 5
[2024-12-19 22:15:54] [INFO    ] discord: Message from Clash#2333: **Top 5 Hot Posts in r/ClashOfClansLeaks:**
[2024-12-19 22:15:54] [INFO    ] discord: Message from Clash#2333: 
[2024-12-19 22:15:54] [INFO    ] discord: Message from Clash#2333: 
[2024-12-19 22:15:54] [INFO    ] discord: Message from Clash#2333: 
[2024-12-19 22:15:54] [INFO    ] discord: Message from Clash#2333: 
[2024-12-19 22:15:59] [INFO    ] discord: Message from Clash#2333: 
